生成启动时间为 2017/3/27 17:00:13。
     1>项目“G:\Code-Shadow Detection\Shadow_Detection\Shadow_Detection\Shadow_Detection.vcxproj”在节点 2 上(Build 个目标)。
     1>ClCompile:
         C:\Program Files (x86)\Microsoft Visual Studio 11.0\VC\bin\CL.exe /c /ZI /nologo /W3 /WX- /Od /Oy- /D _MBCS /Gm /EHsc /RTC1 /MDd /GS /fp:precise /Zc:wchar_t /Zc:forScope /Fo"Debug\\" /Fd"Debug\vc110.pdb" /Gd /TP /analyze- /errorReport:prompt shadow_detection.cpp
         shadow_detection.cpp
     1>g:\code-shadow detection\shadow_detection\shadow_detection\shadow_detection.cpp(778): warning C4018: “<”: 有符号/无符号不匹配
     1>g:\code-shadow detection\shadow_detection\shadow_detection\shadow_detection.cpp(789): warning C4018: “<”: 有符号/无符号不匹配
     1>g:\code-shadow detection\shadow_detection\shadow_detection\shadow_detection.cpp(870): warning C4101: “external_color”: 未引用的局部变量
     1>g:\code-shadow detection\shadow_detection\shadow_detection\shadow_detection.cpp(871): warning C4101: “hole_color”: 未引用的局部变量
       Link:
         C:\Program Files (x86)\Microsoft Visual Studio 11.0\VC\bin\link.exe /ERRORREPORT:PROMPT /OUT:"G:\Code-Shadow Detection\Shadow_Detection\Debug\Shadow_Detection.exe" /INCREMENTAL /NOLOGO opencv_ml2413d.lib opencv_calib3d2413d.lib opencv_contrib2413d.lib opencv_core2413d.lib opencv_features2d2413d.lib opencv_flann2413d.lib opencv_gpu2413d.lib opencv_highgui2413d.lib opencv_imgproc2413d.lib opencv_legacy2413d.lib opencv_objdetect2413d.lib opencv_ts2413d.lib opencv_video2413d.lib opencv_nonfree2413d.lib opencv_ocl2413d.lib opencv_photo2413d.lib opencv_stitching2413d.lib opencv_superres2413d.lib opencv_videostab2413d.lib kernel32.lib user32.lib gdi32.lib winspool.lib comdlg32.lib advapi32.lib shell32.lib ole32.lib oleaut32.lib uuid.lib odbc32.lib odbccp32.lib /MANIFEST /MANIFESTUAC:"level='asInvoker' uiAccess='false'" /manifest:embed /DEBUG /PDB:"G:\Code-Shadow Detection\Shadow_Detection\Debug\Shadow_Detection.pdb" /TLBID:1 /DYNAMICBASE /NXCOMPAT /IMPLIB:"G:\Code-Shadow Detection\Shadow_Detection\Debug\Shadow_Detection.lib" /MACHINE:X86 Debug\camera_calibrate.obj
         Debug\main.obj
         Debug\shadow_detection.obj
         Debug\visualization_C1C2C3.obj
         Debug\visualization_HSI.obj
         Debug\visualization_HSV.obj
         Debug\visualization_L1L2L3.obj
         Debug\visualization_LAB.obj
         Debug\visualization_RGB.obj
         Debug\visualization_YCbCr.obj
         Shadow_Detection.vcxproj -> G:\Code-Shadow Detection\Shadow_Detection\Debug\Shadow_Detection.exe
     1>已完成生成项目“G:\Code-Shadow Detection\Shadow_Detection\Shadow_Detection\Shadow_Detection.vcxproj”(Build 个目标)的操作。

生成成功。

已用时间 00:00:03.51
